Arguments: 
  /Users/frederick 1/.nvm/versions/node/v10.15.1/bin/node /Users/frederick 1/.yarn/bin/yarn.js add nice-color-plaettes

PATH: 
  /Users/frederick 1/.yarn/bin:/Users/frederick 1/.config/yarn/global/node_modules/.bin:/Users/frederick 1/.nvm/versions/node/v10.15.1/bin:/usr/bin:/bin:/usr/sbin:/sbin:/usr/local/bin:/usr/local/share/dotnet:~/.dotnet/tools:/Library/Frameworks/Mono.framework/Versions/Current/Commands:/Applications/Wireshark.app/Contents/MacOS:/Users/frederick 1/.composer/vendor/bin:/Users/frederick 1/Library/Application Support/itch/apps/butler

Yarn version: 
  1.15.2

Node version: 
  10.15.1

Platform: 
  darwin x64

Trace: 
  Error: https://registry.yarnpkg.com/nice-color-plaettes: Not found
      at Request.params.callback [as _callback] (/Users/frederick 1/.yarn/lib/cli.js:66058:18)
      at Request.self.callback (/Users/frederick 1/.yarn/lib/cli.js:129541:22)
      at Request.emit (events.js:189:13)
      at Request.<anonymous> (/Users/frederick 1/.yarn/lib/cli.js:130513:10)
      at Request.emit (events.js:189:13)
      at IncomingMessage.<anonymous> (/Users/frederick 1/.yarn/lib/cli.js:130435:12)
      at Object.onceWrapper (events.js:277:13)
      at IncomingMessage.emit (events.js:194:15)
      at endReadableNT (_stream_readable.js:1103:12)
      at process._tickCallback (internal/process/next_tick.js:63:19)

npm manifest: 
  {
    "name": "genart",
    "version": "1.0.0",
    "description": "",
    "main": "sketch.js",
    "scripts": {
      "test": "echo \"Error: no test specified\" && exit 1"
    },
    "keywords": [],
    "author": "",
    "license": "ISC",
    "dependencies": {
      "canvas-sketch": "^0.3.0",
      "canvas-sketch-util": "^1.8.0"
    }
  }

yarn manifest: 
  No manifest

Lockfile: 
  # THIS IS AN AUTOGENERATED FILE. DO NOT EDIT THIS FILE DIRECTLY.
  # yarn lockfile v1
  
  
  almost-equal@^1.1.0:
    version "1.1.0"
    resolved "https://registry.yarnpkg.com/almost-equal/-/almost-equal-1.1.0.tgz#f851c631138757994276aa2efbe8dfa3066cccdd"
    integrity sha1-+FHGMROHV5lCdqou++jfowZszN0=
  
  canvas-sketch-util@^1.8.0:
    version "1.8.0"
    resolved "https://registry.yarnpkg.com/canvas-sketch-util/-/canvas-sketch-util-1.8.0.tgz#3c37c4c34f9b910720cae13ffe5703a353cbbce7"
    integrity sha512-KyEYdMNyxFKHbON7ujDNoPuYY5iI0VrUtKmGPIkm5C5YCn6bPmMJBHZb7aFCdt89MchHUnIbjjOAyMIi8+DpKA==
    dependencies:
      almost-equal "^1.1.0"
      color-luminance "^2.1.0"
      convert-length "^1.0.1"
      defined "^1.0.0"
      float-hsl2rgb "^1.0.2"
      float-rgb2hsl "^1.0.1"
      lineclip "^1.1.5"
      parse-color "^1.0.0"
      primitive-quad "^2.0.0"
      regl "^1.3.7"
      seed-random "^2.2.0"
      simplex-noise "^2.4.0"
  
  canvas-sketch@^0.3.0:
    version "0.3.0"
    resolved "https://registry.yarnpkg.com/canvas-sketch/-/canvas-sketch-0.3.0.tgz#511e1f43e8a5d1b7f4f711b14abfb3dcf93d2dfd"
    integrity sha512-wMzxlRykTIXrS6vPY8aKQPOEYCh0mo+fXogU68qtRUWocoM7/sPcKQ3evtRfK/QBn/VJ50TJT2UBL+hT5yhfcQ==
    dependencies:
      convert-length "^1.0.1"
      dateformat "^3.0.3"
      deep-equal "^1.0.1"
      defined "^1.0.0"
      get-canvas-context "^1.0.2"
      is-class "0.0.5"
      is-dom "^1.0.9"
      is-promise "^2.1.0"
      object-assign "^4.1.1"
      pad-left "^2.1.0"
      right-now "^1.0.0"
  
  color-convert@~0.5.0:
    version "0.5.3"
    resolved "https://registry.yarnpkg.com/color-convert/-/color-convert-0.5.3.tgz#bdb6c69ce660fadffe0b0007cc447e1b9f7282bd"
    integrity sha1-vbbGnOZg+t/+CwAHzER+G59ygr0=
  
  color-luminance@^2.1.0:
    version "2.1.0"
    resolved "https://registry.yarnpkg.com/color-luminance/-/color-luminance-2.1.0.tgz#58ff2ebd32b52d07f5378eefe5a0e79d6b318ad7"
    integrity sha1-WP8uvTK1LQf1N47v5aDnnWsxitc=
  
  convert-length@^1.0.1:
    version "1.0.1"
    resolved "https://registry.yarnpkg.com/convert-length/-/convert-length-1.0.1.tgz#b66c7dc1f7d181916667c977f57be2f1eb17c1b7"
    integrity sha512-w94Vge3sck6J1NHuA0du367/JTbj1zfjTapX7ixR2W+KlU4zb+NRTbou3x9nTpm5vlcXmjoaUJQpVN9pULCdxQ==
    dependencies:
      defined "^1.0.0"
  
  dateformat@^3.0.3:
    version "3.0.3"
    resolved "https://registry.yarnpkg.com/dateformat/-/dateformat-3.0.3.tgz#a6e37499a4d9a9cf85ef5872044d62901c9889ae"
    integrity sha512-jyCETtSl3VMZMWeRo7iY1FL19ges1t55hMo5yaam4Jrsm5EPL89UQkoQRyiI+Yf4k8r2ZpdngkV8hr1lIdjb3Q==
  
  deep-equal@^1.0.1:
    version "1.0.1"
    resolved "https://registry.yarnpkg.com/deep-equal/-/deep-equal-1.0.1.tgz#f5d260292b660e084eff4cdbc9f08ad3247448b5"
    integrity sha1-9dJgKStmDghO/0zbyfCK0yR0SLU=
  
  defined@^1.0.0:
    version "1.0.0"
    resolved "https://registry.yarnpkg.com/defined/-/defined-1.0.0.tgz#c98d9bcef75674188e110969151199e39b1fa693"
    integrity sha1-yY2bzvdWdBiOEQlpFRGZ45sfppM=
  
  float-hsl2rgb@^1.0.2:
    version "1.0.2"
    resolved "https://registry.yarnpkg.com/float-hsl2rgb/-/float-hsl2rgb-1.0.2.tgz#ecf3509c40ac6567c96a204622b0c4c4bf43c8a1"
    integrity sha1-7PNQnECsZWfJaiBGIrDExL9DyKE=
  
  float-rgb2hsl@^1.0.1:
    version "1.0.1"
    resolved "https://registry.yarnpkg.com/float-rgb2hsl/-/float-rgb2hsl-1.0.1.tgz#8efeaa0fc726e53363a79bf3f636082055c10c0e"
    integrity sha1-jv6qD8cm5TNjp5vz9jYIIFXBDA4=
  
  get-canvas-context@^1.0.2:
    version "1.0.2"
    resolved "https://registry.yarnpkg.com/get-canvas-context/-/get-canvas-context-1.0.2.tgz#d6e7b50bc4e4c86357cd39f22647a84b73601e93"
    integrity sha1-1ue1C8TkyGNXzTnyJkeoS3NgHpM=
  
  is-class@0.0.5:
    version "0.0.5"
    resolved "https://registry.yarnpkg.com/is-class/-/is-class-0.0.5.tgz#220a8465d24f9a142082d06c7c56edb39052416d"
    integrity sha512-jOquneoRNrqbpDgh4hKicrMcGIl7jopvIJaWI+LyDVRzZrQy819qBaYSofOyUMTo/x5Jelvs8G5v/ptdySWy6A==
  
  is-dom@^1.0.9:
    version "1.0.9"
    resolved "https://registry.yarnpkg.com/is-dom/-/is-dom-1.0.9.tgz#483832d52972073de12b9fe3f60320870da8370d"
    integrity sha1-SDgy1SlyBz3hK5/j9gMghw2oNw0=
  
  is-promise@^2.1.0:
    version "2.1.0"
    resolved "https://registry.yarnpkg.com/is-promise/-/is-promise-2.1.0.tgz#79a2a9ece7f096e80f36d2b2f3bc16c1ff4bf3fa"
    integrity sha1-eaKp7OfwlugPNtKy87wWwf9L8/o=
  
  lineclip@^1.1.5:
    version "1.1.5"
    resolved "https://registry.yarnpkg.com/lineclip/-/lineclip-1.1.5.tgz#2bf26067d94354feabf91e42768236db5616fd13"
    integrity sha1-K/JgZ9lDVP6r+R5CdoI221YW/RM=
  
  object-assign@^4.1.1:
    version "4.1.1"
    resolved "https://registry.yarnpkg.com/object-assign/-/object-assign-4.1.1.tgz#2109adc7965887cfc05cbbd442cac8bfbb360863"
    integrity sha1-IQmtx5ZYh8/AXLvUQsrIv7s2CGM=
  
  pad-left@^2.1.0:
    version "2.1.0"
    resolved "https://registry.yarnpkg.com/pad-left/-/pad-left-2.1.0.tgz#16e6a3b2d44a8e138cb0838cc7cb403a4fc9e994"
    integrity sha1-FuajstRKjhOMsIOMx8tAOk/J6ZQ=
    dependencies:
      repeat-string "^1.5.4"
  
  parse-color@^1.0.0:
    version "1.0.0"
    resolved "https://registry.yarnpkg.com/parse-color/-/parse-color-1.0.0.tgz#7b748b95a83f03f16a94f535e52d7f3d94658619"
    integrity sha1-e3SLlag/A/FqlPU15S1/PZRlhhk=
    dependencies:
      color-convert "~0.5.0"
  
  primitive-quad@^2.0.0:
    version "2.0.0"
    resolved "https://registry.yarnpkg.com/primitive-quad/-/primitive-quad-2.0.0.tgz#c20993e4f9600238926bb500e529053043ef8aeb"
    integrity sha1-wgmT5PlgAjiSa7UA5SkFMEPvius=
  
  regl@^1.3.7:
    version "1.3.11"
    resolved "https://registry.yarnpkg.com/regl/-/regl-1.3.11.tgz#515e5173ffdc0618f908dd4e338a34ae9555f745"
    integrity sha512-tmt6CRhRqbcsYDWNwv+iG7GGOXdgoOBC7lKzoPMgnzpt3WKBQ3c8i7AxgbvTRZzty29hrW92fAJeZkPFQehfWA==
  
  repeat-string@^1.5.4:
    version "1.6.1"
    resolved "https://registry.yarnpkg.com/repeat-string/-/repeat-string-1.6.1.tgz#8dcae470e1c88abc2d600fff4a776286da75e637"
    integrity sha1-jcrkcOHIirwtYA//Sndihtp15jc=
  
  right-now@^1.0.0:
    version "1.0.0"
    resolved "https://registry.yarnpkg.com/right-now/-/right-now-1.0.0.tgz#6e89609deebd7dcdaf8daecc9aea39cf585a0918"
    integrity sha1-bolgne69fc2vja7Mmuo5z1haCRg=
  
  seed-random@^2.2.0:
    version "2.2.0"
    resolved "https://registry.yarnpkg.com/seed-random/-/seed-random-2.2.0.tgz#2a9b19e250a817099231a5b99a4daf80b7fbed54"
    integrity sha1-KpsZ4lCoFwmSMaW5mk2vgLf77VQ=
  
  simplex-noise@^2.4.0:
    version "2.4.0"
    resolved "https://registry.yarnpkg.com/simplex-noise/-/simplex-noise-2.4.0.tgz#81b3458fb22dccc3bc8dd9a977c73797f86f523a"
    integrity sha512-OjyDWm/QZjVbMrPxDVi9b2as+SeNn9EBXlrWVRlFW+TSyWMSXouDryXkQN0vf5YP+QZKobrmkvx1eQYPLtuqfw==
